 Copyright (C) 1995-2015 - All Rights Reserved
 University Corporation for Atmospheric Research
 NCAR Command Language Version 6.3.0
 The use of this software is governed by a License Agreement.
 See http://www.ncl.ucar.edu/ for more details.
warning:Dimension (1) has not been defined
(0)	lonFlip: warning: last dimension is not named
warning:Dimension (1) has not been defined
(0)	lonFlip: warning: last dimension is not named
warning:Dimension (1) has not been defined
(0)	lonFlip: warning: last dimension is not named
(0)	AREA mismatch at: 40.99476439790577 , 53.75
(0)	CLM AREA: 7202.652651983877 and CA data: 8749.278628290918
(0)	AREA mismatch at: 41.9371727748691 , 53.75
(0)	CLM AREA: 8829.880690820059 and CA data: 9832.892922917907
(0)	AREA mismatch at: 81.51832460732986 , 337.5
(0)	CLM AREA: 1713.843467867251 and CA data: 1726.781240967334
(0)	AREA mismatch at: 83.40314136125654 , 291.25
(0)	CLM AREA: 128.827964814606 and CA data: 147.3653989278062
(0)	AREA mismatch at: 83.40314136125654 , 330
(0)	CLM AREA: 1037.181036736523 and CA data: 1068.643361047431
(0)	CA Area exceeds C3 crops and grass: 7.6273 at: -36.2827 , 296.2500
(0)	CA Area exceeds C3 crops and grass: 8.3783 at: -35.3403 , 295.0000
(0)	CA Area exceeds C3 crops and grass: 2.0670 at: -35.3403 , 296.2500
(0)	CA Area exceeds C3 crops and grass: 1.9283 at: -34.3979 , 137.5000
(0)	CA Area exceeds C3 crops and grass: 2.6014 at: -34.3979 , 295.0000
(0)	CA Area exceeds C3 crops and grass: 11.3794 at: -32.5131 , 117.5000
(0)	CA Area exceeds C3 crops and grass: 6.4220 at: -32.5131 , 118.7500
(0)	CA Area exceeds C3 crops and grass: 27.3020 at: -31.5707 , 117.5000
(0)	CA Area exceeds C3 crops and grass: 14.7850 at: -31.5707 , 118.7500
(0)	CA Area exceeds C3 crops and grass: 2.2090 at: -31.5707 , 296.2500
(0)	CA Area exceeds C3 crops and grass: 14.1717 at: -30.6283 , 116.2500
(0)	CA Area exceeds C3 crops and grass: 33.2564 at: -30.6283 , 117.5000
(0)	CA Area exceeds C3 crops and grass: 3.4902 at: -30.6283 , 118.7500
(0)	CA Area exceeds C3 crops and grass: 12.7201 at: -29.6859 , 116.2500
(0)	CA Area exceeds C3 crops and grass: 11.3286 at: -28.7435 , 116.2500
(0)	CA Area exceeds C3 crops and grass: 0.8231 at: -24.9738 , 296.2500
(0)	CA Area exceeds C3 crops and grass: 6.4062 at: -22.1466 , 300.0000
(0)	CA Area exceeds C3 crops and grass: 2.0977 at: -18.3770 , 310.0000
(0)	CA Area exceeds C3 crops and grass: 4.9202 at: -17.4346 , 310.0000
(0)	CA Area exceeds C3 crops and grass: 0.9719 at: -13.6649 , 302.5000
(0)	CA Area exceeds C3 crops and grass: 1.7612 at: -13.6649 , 303.7500
(0)	CA Area exceeds C3 crops and grass: 2.6985 at: -12.7225 , 302.5000
(0)	CA Area exceeds C3 crops and grass: 20.4628 at: -12.7225 , 303.7500
(0)	CA Area exceeds C3 crops and grass: 6.9335 at: -12.7225 , 305.0000
(0)	CA Area exceeds C3 crops and grass: 0.8872 at: -12.7225 , 306.2500
(0)	CA Area exceeds C3 crops and grass: 6.0480 at: -12.7225 , 307.5000
(0)	CA Area exceeds C3 crops and grass: 0.6507 at: -11.7801 , 296.2500
(0)	CA Area exceeds C3 crops and grass: 0.6314 at: -11.7801 , 301.2500
(0)	CA Area exceeds C3 crops and grass: 2.6782 at: -11.7801 , 302.5000
(0)	CA Area exceeds C3 crops and grass: 11.9389 at: -11.7801 , 303.7500
(0)	CA Area exceeds C3 crops and grass: 4.8095 at: -11.7801 , 305.0000
(0)	CA Area exceeds C3 crops and grass: 0.3500 at: -11.7801 , 306.2500
(0)	CA Area exceeds C3 crops and grass: 4.6620 at: -11.7801 , 307.5000
(0)	CA Area exceeds C3 crops and grass: 2.4160 at: -10.8377 , 301.2500
(0)	CA Area exceeds C3 crops and grass: 1.1527 at: -10.8377 , 302.5000
(0)	CA Area exceeds C3 crops and grass: 2.0282 at: -10.8377 , 303.7500
(0)	CA Area exceeds C3 crops and grass: 0.3893 at: -10.8377 , 305.0000
(0)	CA Area exceeds C3 crops and grass: 0.1771 at: -10.8377 , 306.2500
(0)	CA Area exceeds C3 crops and grass: 2.0552 at: -10.8377 , 307.5000
(0)	CA Area exceeds C3 crops and grass: 0.7541 at: -9.8953 , 293.7500
(0)	CA Area exceeds C3 crops and grass: 1.1470 at: -9.8953 , 300.0000
(0)	CA Area exceeds C3 crops and grass: 2.0827 at: -9.8953 , 301.2500
(0)	CA Area exceeds C3 crops and grass: 2.2296 at: -9.8953 , 302.5000
(0)	CA Area exceeds C3 crops and grass: 0.0023 at: -8.9529 , 290.0000
(0)	CA Area exceeds C3 crops and grass: 0.4814 at: -8.9529 , 291.2500
(0)	CA Area exceeds C3 crops and grass: 0.2816 at: -8.9529 , 292.5000
(0)	CA Area exceeds C3 crops and grass: 0.1379 at: -8.9529 , 295.0000
(0)	CA Area exceeds C3 crops and grass: 2.3071 at: -8.9529 , 296.2500
(0)	CA Area exceeds C3 crops and grass: 0.0517 at: -8.9529 , 297.5000
(0)	CA Area exceeds C3 crops and grass: 0.5335 at: -8.9529 , 302.5000
(0)	CA Area exceeds C3 crops and grass: 0.8969 at: -8.9529 , 303.7500
(0)	CA Area exceeds C3 crops and grass: 1.4263 at: -8.0105 , 305.0000
(0)	CA Area exceeds C3 crops and grass: 0.1087 at: -8.0105 , 311.2500
(0)	CA Area exceeds C3 crops and grass: 0.0867 at: -7.0681 , 297.5000
(0)	CA Area exceeds C3 crops and grass: 0.8219 at: -7.0681 , 302.5000
(0)	CA Area exceeds C3 crops and grass: 1.3217 at: -7.0681 , 305.0000
(0)	CA Area exceeds C3 crops and grass: 0.6034 at: -7.0681 , 307.5000
(0)	CA Area exceeds C3 crops and grass: 0.7903 at: -6.1257 , 307.5000
(0)	CA Area exceeds C3 crops and grass: 0.0123 at: -5.1832 , 292.5000
(0)	CA Area exceeds C3 crops and grass: 0.7924 at: -5.1832 , 308.7500
(0)	CA Area exceeds C3 crops and grass: 1.9066 at: -4.2408 , 303.7500
(0)	CA Area exceeds C3 crops and grass: 0.3315 at: -4.2408 , 311.2500
(0)	CA Area exceeds C3 crops and grass: 0.0007 at: -3.2984 , 295.0000
(0)	CA Area exceeds C3 crops and grass: 0.2704 at: -3.2984 , 305.0000
(0)	CA Area exceeds C3 crops and grass: 0.7853 at: -3.2984 , 307.5000
(0)	CA Area exceeds C3 crops and grass: 0.8334 at: -3.2984 , 308.7500
(0)	CA Area exceeds C3 crops and grass: 0.0802 at: -3.2984 , 310.0000
(0)	CA Area exceeds C3 crops and grass: 4.2909 at: -3.2984 , 312.5000
(0)	CA Area exceeds C3 crops and grass: 1.5700 at: -2.3560 , 305.0000
(0)	CA Area exceeds C3 crops and grass: 0.0953 at: -2.3560 , 307.5000
(0)	CA Area exceeds C3 crops and grass: 0.7241 at: -1.4136 , 303.7500
(0)	CA Area exceeds C3 crops and grass: 0.2474 at: -1.4136 , 305.0000
(0)	CA Area exceeds C3 crops and grass: 0.9961 at: -1.4136 , 306.2500
(0)	CA Area exceeds C3 crops and grass: 0.1802 at: -1.4136 , 307.5000
(0)	CA Area exceeds C3 crops and grass: 0.0011 at: -0.4712 , 40.0000
(0)	CA Area exceeds C3 crops and grass: 0.4321 at: 0.4712 , 300.0000
(0)	CA Area exceeds C3 crops and grass: 0.4422 at: 0.4712 , 308.7500
(0)	CA Area exceeds C3 crops and grass: 0.8888 at: 0.4712 , 310.0000
(0)	CA Area exceeds C3 crops and grass: 0.4393 at: 1.4136 , 300.0000
(0)	CA Area exceeds C3 crops and grass: 0.1438 at: 1.4136 , 303.7500
(0)	CA Area exceeds C3 crops and grass: 0.5764 at: 1.4136 , 308.7500
(0)	CA Area exceeds C3 crops and grass: 3.2350 at: 1.4136 , 310.0000
(0)	CA Area exceeds C3 crops and grass: 1.3646 at: 2.3560 , 298.7500
(0)	CA Area exceeds C3 crops and grass: 1.2041 at: 2.3560 , 308.7500
(0)	CA Area exceeds C3 crops and grass: 1.5103 at: 2.3560 , 310.0000
(0)	CA Area exceeds C3 crops and grass: 0.0531 at: 3.2984 , 298.7500
(0)	CA Area exceeds C3 crops and grass: 0.7958 at: 10.8377 , 285.0000
(0)	CA Area exceeds C3 crops and grass: 0.6581 at: 11.7801 , 290.0000
(0)	CA Area exceeds C3 crops and grass: 0.4838 at: 30.6283 , 257.5000
(0)	CA Area exceeds C3 crops and grass: 0.6702 at: 31.5707 , 253.7500
(0)	CA Area exceeds C3 crops and grass: 0.0594 at: 31.5707 , 255.0000
(0)	CA Area exceeds C3 crops and grass: 7.3263 at: 31.5707 , 256.2500
(0)	CA Area exceeds C3 crops and grass: 10.2490 at: 31.5707 , 257.5000
(0)	CA Area exceeds C3 crops and grass: 0.6928 at: 32.5131 , 246.2500
(0)	CA Area exceeds C3 crops and grass: 3.8160 at: 32.5131 , 247.5000
(0)	CA Area exceeds C3 crops and grass: 4.9086 at: 32.5131 , 248.7500
(0)	CA Area exceeds C3 crops and grass: 4.3745 at: 32.5131 , 256.2500
(0)	CA Area exceeds C3 crops and grass: 1.1492 at: 33.4555 , 246.2500
(0)	CA Area exceeds C3 crops and grass: 6.8391 at: 33.4555 , 247.5000
(0)	CA Area exceeds C3 crops and grass: 29.0221 at: 41.9372 , 277.5000
(0)	CA Area exceeds C3 crops and grass: 14.8409 at: 42.8796 , 272.5000
(0)	CA Area exceeds C3 crops and grass: 8.5924 at: 43.8220 , 272.5000
(0)	CA Area exceeds C3 crops and grass: 0.1206 at: 44.7644 , 297.5000
(0)	CA Scenario: alloc_CA_base_v05_ha
(0)	Number of grid cells where CA extent exceeds CLM crop extent: 442
(0)	Number of grid cells where CA extent exceeds CLM crop and C3 grass extents: 103
(0)	Number of grid cells where there is CA: 3298
(0)	Number of grid cells where there is CLM C3 crop: 9924
warning:Dimension (1) has not been defined
(0)	lonFlip: warning: last dimension is not named
(0)	AREA mismatch at: 40.99476439790577 , 53.75
(0)	CLM AREA: 7202.652651983877 and CA data: 8749.278628290918
(0)	AREA mismatch at: 41.9371727748691 , 53.75
(0)	CLM AREA: 8829.880690820059 and CA data: 9832.892922917907
(0)	AREA mismatch at: 81.51832460732986 , 337.5
(0)	CLM AREA: 1713.843467867251 and CA data: 1726.781240967334
(0)	AREA mismatch at: 83.40314136125654 , 291.25
(0)	CLM AREA: 128.827964814606 and CA data: 147.3653989278062
(0)	AREA mismatch at: 83.40314136125654 , 330
(0)	CLM AREA: 1037.181036736523 and CA data: 1068.643361047431
(0)	CA Area exceeds C3 crops and grass: 5.0321 at: -36.2827 , 296.2500
(0)	CA Area exceeds C3 crops and grass: 7.6641 at: -35.3403 , 295.0000
(0)	CA Area exceeds C3 crops and grass: 4.4920 at: -32.5131 , 117.5000
(0)	CA Area exceeds C3 crops and grass: 26.8163 at: -31.5707 , 117.5000
(0)	CA Area exceeds C3 crops and grass: 12.7613 at: -31.5707 , 118.7500
(0)	CA Area exceeds C3 crops and grass: 1.7038 at: -31.5707 , 296.2500
(0)	CA Area exceeds C3 crops and grass: 8.3196 at: -30.6283 , 116.2500
(0)	CA Area exceeds C3 crops and grass: 27.3591 at: -30.6283 , 117.5000
(0)	CA Area exceeds C3 crops and grass: 3.4902 at: -30.6283 , 118.7500
(0)	CA Area exceeds C3 crops and grass: 9.8782 at: -28.7435 , 116.2500
(0)	CA Area exceeds C3 crops and grass: 0.8231 at: -24.9738 , 296.2500
(0)	CA Area exceeds C3 crops and grass: 6.4062 at: -22.1466 , 300.0000
(0)	CA Area exceeds C3 crops and grass: 1.4962 at: -17.4346 , 310.0000
(0)	CA Area exceeds C3 crops and grass: 2.6985 at: -12.7225 , 302.5000
(0)	CA Area exceeds C3 crops and grass: 9.9931 at: -12.7225 , 303.7500
(0)	CA Area exceeds C3 crops and grass: 4.0240 at: -12.7225 , 305.0000
(0)	CA Area exceeds C3 crops and grass: 0.8872 at: -12.7225 , 306.2500
(0)	CA Area exceeds C3 crops and grass: 5.9894 at: -12.7225 , 307.5000
(0)	CA Area exceeds C3 crops and grass: 0.5475 at: -11.7801 , 296.2500
(0)	CA Area exceeds C3 crops and grass: 0.6314 at: -11.7801 , 301.2500
(0)	CA Area exceeds C3 crops and grass: 2.5727 at: -11.7801 , 302.5000
(0)	CA Area exceeds C3 crops and grass: 11.9389 at: -11.7801 , 303.7500
(0)	CA Area exceeds C3 crops and grass: 3.6829 at: -11.7801 , 305.0000
(0)	CA Area exceeds C3 crops and grass: 0.3500 at: -11.7801 , 306.2500
(0)	CA Area exceeds C3 crops and grass: 4.6620 at: -11.7801 , 307.5000
(0)	CA Area exceeds C3 crops and grass: 2.3056 at: -10.8377 , 301.2500
(0)	CA Area exceeds C3 crops and grass: 1.1527 at: -10.8377 , 302.5000
(0)	CA Area exceeds C3 crops and grass: 1.8009 at: -10.8377 , 303.7500
(0)	CA Area exceeds C3 crops and grass: 0.1504 at: -10.8377 , 306.2500
(0)	CA Area exceeds C3 crops and grass: 1.3634 at: -10.8377 , 307.5000
(0)	CA Area exceeds C3 crops and grass: 0.6110 at: -9.8953 , 293.7500
(0)	CA Area exceeds C3 crops and grass: 1.1470 at: -9.8953 , 300.0000
(0)	CA Area exceeds C3 crops and grass: 1.7476 at: -9.8953 , 301.2500
(0)	CA Area exceeds C3 crops and grass: 2.2031 at: -9.8953 , 302.5000
(0)	CA Area exceeds C3 crops and grass: 0.2536 at: -8.9529 , 291.2500
(0)	CA Area exceeds C3 crops and grass: 0.1561 at: -8.9529 , 292.5000
(0)	CA Area exceeds C3 crops and grass: 0.1379 at: -8.9529 , 295.0000
(0)	CA Area exceeds C3 crops and grass: 1.8477 at: -8.9529 , 296.2500
(0)	CA Area exceeds C3 crops and grass: 0.5335 at: -8.9529 , 302.5000
(0)	CA Area exceeds C3 crops and grass: 0.8969 at: -8.9529 , 303.7500
(0)	CA Area exceeds C3 crops and grass: 1.2226 at: -8.0105 , 305.0000
(0)	CA Area exceeds C3 crops and grass: 0.0867 at: -7.0681 , 297.5000
(0)	CA Area exceeds C3 crops and grass: 0.8219 at: -7.0681 , 302.5000
(0)	CA Area exceeds C3 crops and grass: 1.2663 at: -7.0681 , 305.0000
(0)	CA Area exceeds C3 crops and grass: 0.5233 at: -7.0681 , 307.5000
(0)	CA Area exceeds C3 crops and grass: 0.6360 at: -6.1257 , 307.5000
(0)	CA Area exceeds C3 crops and grass: 0.0123 at: -5.1832 , 292.5000
(0)	CA Area exceeds C3 crops and grass: 0.6628 at: -5.1832 , 308.7500
(0)	CA Area exceeds C3 crops and grass: 1.2722 at: -4.2408 , 303.7500
(0)	CA Area exceeds C3 crops and grass: 0.2009 at: -3.2984 , 305.0000
(0)	CA Area exceeds C3 crops and grass: 0.6282 at: -3.2984 , 308.7500
(0)	CA Area exceeds C3 crops and grass: 3.7186 at: -3.2984 , 312.5000
(0)	CA Area exceeds C3 crops and grass: 1.0347 at: -2.3560 , 305.0000
(0)	CA Area exceeds C3 crops and grass: 0.0739 at: -2.3560 , 307.5000
(0)	CA Area exceeds C3 crops and grass: 0.5848 at: -1.4136 , 303.7500
(0)	CA Area exceeds C3 crops and grass: 0.5909 at: -1.4136 , 306.2500
(0)	CA Area exceeds C3 crops and grass: 0.0830 at: -1.4136 , 307.5000
(0)	CA Area exceeds C3 crops and grass: 0.3591 at: 0.4712 , 300.0000
(0)	CA Area exceeds C3 crops and grass: 0.3040 at: 0.4712 , 308.7500
(0)	CA Area exceeds C3 crops and grass: 0.6484 at: 0.4712 , 310.0000
(0)	CA Area exceeds C3 crops and grass: 0.3750 at: 1.4136 , 300.0000
(0)	CA Area exceeds C3 crops and grass: 0.0722 at: 1.4136 , 303.7500
(0)	CA Area exceeds C3 crops and grass: 0.3020 at: 1.4136 , 308.7500
(0)	CA Area exceeds C3 crops and grass: 2.3035 at: 1.4136 , 310.0000
(0)	CA Area exceeds C3 crops and grass: 1.1548 at: 2.3560 , 298.7500
(0)	CA Area exceeds C3 crops and grass: 1.1095 at: 2.3560 , 308.7500
(0)	CA Area exceeds C3 crops and grass: 1.5103 at: 2.3560 , 310.0000
(0)	CA Area exceeds C3 crops and grass: 0.4676 at: 10.8377 , 285.0000
(0)	CA Area exceeds C3 crops and grass: 0.0627 at: 30.6283 , 257.5000
(0)	CA Area exceeds C3 crops and grass: 0.6320 at: 31.5707 , 253.7500
(0)	CA Area exceeds C3 crops and grass: 0.0594 at: 31.5707 , 255.0000
(0)	CA Area exceeds C3 crops and grass: 7.3263 at: 31.5707 , 256.2500
(0)	CA Area exceeds C3 crops and grass: 9.0299 at: 31.5707 , 257.5000
(0)	CA Area exceeds C3 crops and grass: 0.6928 at: 32.5131 , 246.2500
(0)	CA Area exceeds C3 crops and grass: 3.7896 at: 32.5131 , 247.5000
(0)	CA Area exceeds C3 crops and grass: 4.6163 at: 32.5131 , 248.7500
(0)	CA Area exceeds C3 crops and grass: 4.3745 at: 32.5131 , 256.2500
(0)	CA Area exceeds C3 crops and grass: 1.1489 at: 33.4555 , 246.2500
(0)	CA Area exceeds C3 crops and grass: 6.6786 at: 33.4555 , 247.5000
(0)	CA Area exceeds C3 crops and grass: 27.8709 at: 41.9372 , 277.5000
(0)	CA Area exceeds C3 crops and grass: 13.6356 at: 42.8796 , 272.5000
(0)	CA Area exceeds C3 crops and grass: 1.5825 at: 43.8220 , 272.5000
(0)	CA Area exceeds C3 crops and grass: 0.1206 at: 44.7644 , 297.5000
(0)	CA Scenario: alloc_CA_low_v05_ha
(0)	Number of grid cells where CA extent exceeds CLM crop extent: 347
(0)	Number of grid cells where CA extent exceeds CLM crop and C3 grass extents: 83
(0)	Number of grid cells where there is CA: 2971
(0)	Number of grid cells where there is CLM C3 crop: 9924
warning:Dimension (1) has not been defined
(0)	lonFlip: warning: last dimension is not named
(0)	AREA mismatch at: 40.99476439790577 , 53.75
(0)	CLM AREA: 7202.652651983877 and CA data: 8749.278628290918
(0)	AREA mismatch at: 41.9371727748691 , 53.75
(0)	CLM AREA: 8829.880690820059 and CA data: 9832.892922917907
(0)	AREA mismatch at: 81.51832460732986 , 337.5
(0)	CLM AREA: 1713.843467867251 and CA data: 1726.781240967334
(0)	AREA mismatch at: 83.40314136125654 , 291.25
(0)	CLM AREA: 128.827964814606 and CA data: 147.3653989278062
(0)	AREA mismatch at: 83.40314136125654 , 330
(0)	CLM AREA: 1037.181036736523 and CA data: 1068.643361047431
(0)	CA Area exceeds C3 crops and grass: 8.9283 at: -36.2827 , 296.2500
(0)	CA Area exceeds C3 crops and grass: 8.3783 at: -35.3403 , 295.0000
(0)	CA Area exceeds C3 crops and grass: 5.6287 at: -35.3403 , 296.2500
(0)	CA Area exceeds C3 crops and grass: 6.0401 at: -34.3979 , 137.5000
(0)	CA Area exceeds C3 crops and grass: 3.5582 at: -34.3979 , 295.0000
(0)	CA Area exceeds C3 crops and grass: 15.2578 at: -32.5131 , 117.5000
(0)	CA Area exceeds C3 crops and grass: 8.7125 at: -32.5131 , 118.7500
(0)	CA Area exceeds C3 crops and grass: 27.3020 at: -31.5707 , 117.5000
(0)	CA Area exceeds C3 crops and grass: 17.3617 at: -31.5707 , 118.7500
(0)	CA Area exceeds C3 crops and grass: 2.2090 at: -31.5707 , 296.2500
(0)	CA Area exceeds C3 crops and grass: 3.0604 at: -31.5707 , 297.5000
(0)	CA Area exceeds C3 crops and grass: 19.1458 at: -30.6283 , 116.2500
(0)	CA Area exceeds C3 crops and grass: 35.3399 at: -30.6283 , 117.5000
(0)	CA Area exceeds C3 crops and grass: 3.4978 at: -30.6283 , 118.7500
(0)	CA Area exceeds C3 crops and grass: 25.4150 at: -29.6859 , 116.2500
(0)	CA Area exceeds C3 crops and grass: 0.1376 at: -29.6859 , 147.5000
(0)	CA Area exceeds C3 crops and grass: 11.3286 at: -28.7435 , 116.2500
(0)	CA Area exceeds C3 crops and grass: 0.5517 at: -28.7435 , 148.7500
(0)	CA Area exceeds C3 crops and grass: 0.8231 at: -24.9738 , 296.2500
(0)	CA Area exceeds C3 crops and grass: 6.4062 at: -22.1466 , 300.0000
(0)	CA Area exceeds C3 crops and grass: 0.3448 at: -18.3770 , 297.5000
(0)	CA Area exceeds C3 crops and grass: 7.3815 at: -18.3770 , 310.0000
(0)	CA Area exceeds C3 crops and grass: 6.6646 at: -17.4346 , 310.0000
(0)	CA Area exceeds C3 crops and grass: 2.6431 at: -13.6649 , 302.5000
(0)	CA Area exceeds C3 crops and grass: 4.7786 at: -13.6649 , 303.7500
(0)	CA Area exceeds C3 crops and grass: 0.1287 at: -13.6649 , 305.0000
(0)	CA Area exceeds C3 crops and grass: 2.6985 at: -12.7225 , 302.5000
(0)	CA Area exceeds C3 crops and grass: 21.1042 at: -12.7225 , 303.7500
(0)	CA Area exceeds C3 crops and grass: 8.8448 at: -12.7225 , 305.0000
(0)	CA Area exceeds C3 crops and grass: 0.8872 at: -12.7225 , 306.2500
(0)	CA Area exceeds C3 crops and grass: 6.0995 at: -12.7225 , 307.5000
(0)	CA Area exceeds C3 crops and grass: 0.6508 at: -11.7801 , 296.2500
(0)	CA Area exceeds C3 crops and grass: 0.6314 at: -11.7801 , 301.2500
(0)	CA Area exceeds C3 crops and grass: 2.6782 at: -11.7801 , 302.5000
(0)	CA Area exceeds C3 crops and grass: 11.9389 at: -11.7801 , 303.7500
(0)	CA Area exceeds C3 crops and grass: 8.9384 at: -11.7801 , 305.0000
(0)	CA Area exceeds C3 crops and grass: 0.3500 at: -11.7801 , 306.2500
(0)	CA Area exceeds C3 crops and grass: 4.6620 at: -11.7801 , 307.5000
(0)	CA Area exceeds C3 crops and grass: 0.5038 at: -11.7801 , 308.7500
(0)	CA Area exceeds C3 crops and grass: 2.4278 at: -10.8377 , 301.2500
(0)	CA Area exceeds C3 crops and grass: 1.1527 at: -10.8377 , 302.5000
(0)	CA Area exceeds C3 crops and grass: 2.3006 at: -10.8377 , 303.7500
(0)	CA Area exceeds C3 crops and grass: 1.8035 at: -10.8377 , 305.0000
(0)	CA Area exceeds C3 crops and grass: 0.1973 at: -10.8377 , 306.2500
(0)	CA Area exceeds C3 crops and grass: 2.2241 at: -10.8377 , 307.5000
(0)	CA Area exceeds C3 crops and grass: 0.5467 at: -10.8377 , 311.2500
(0)	CA Area exceeds C3 crops and grass: 0.8863 at: -9.8953 , 293.7500
(0)	CA Area exceeds C3 crops and grass: 1.1470 at: -9.8953 , 300.0000
(0)	CA Area exceeds C3 crops and grass: 2.2445 at: -9.8953 , 301.2500
(0)	CA Area exceeds C3 crops and grass: 2.2591 at: -9.8953 , 302.5000
(0)	CA Area exceeds C3 crops and grass: 1.3106 at: -9.8953 , 303.7500
(0)	CA Area exceeds C3 crops and grass: 0.0042 at: -8.9529 , 290.0000
(0)	CA Area exceeds C3 crops and grass: 0.5820 at: -8.9529 , 291.2500
(0)	CA Area exceeds C3 crops and grass: 0.4290 at: -8.9529 , 292.5000
(0)	CA Area exceeds C3 crops and grass: 0.1379 at: -8.9529 , 295.0000
(0)	CA Area exceeds C3 crops and grass: 2.5556 at: -8.9529 , 296.2500
(0)	CA Area exceeds C3 crops and grass: 0.0702 at: -8.9529 , 297.5000
(0)	CA Area exceeds C3 crops and grass: 0.5475 at: -8.9529 , 302.5000
(0)	CA Area exceeds C3 crops and grass: 0.8969 at: -8.9529 , 303.7500
(0)	CA Area exceeds C3 crops and grass: 1.4263 at: -8.0105 , 305.0000
(0)	CA Area exceeds C3 crops and grass: 2.4914 at: -8.0105 , 311.2500
(0)	CA Area exceeds C3 crops and grass: 0.0867 at: -7.0681 , 297.5000
(0)	CA Area exceeds C3 crops and grass: 0.8219 at: -7.0681 , 302.5000
(0)	CA Area exceeds C3 crops and grass: 1.4946 at: -7.0681 , 305.0000
(0)	CA Area exceeds C3 crops and grass: 0.6034 at: -7.0681 , 307.5000
(0)	CA Area exceeds C3 crops and grass: 0.8582 at: -6.1257 , 307.5000
(0)	CA Area exceeds C3 crops and grass: 0.0123 at: -5.1832 , 292.5000
(0)	CA Area exceeds C3 crops and grass: 0.7924 at: -5.1832 , 308.7500
(0)	CA Area exceeds C3 crops and grass: 0.4543 at: -5.1832 , 313.7500
(0)	CA Area exceeds C3 crops and grass: 2.0802 at: -4.2408 , 303.7500
(0)	CA Area exceeds C3 crops and grass: 0.0936 at: -4.2408 , 305.0000
(0)	CA Area exceeds C3 crops and grass: 0.1506 at: -4.2408 , 306.2500
(0)	CA Area exceeds C3 crops and grass: 1.6873 at: -4.2408 , 311.2500
(0)	CA Area exceeds C3 crops and grass: 0.0081 at: -3.2984 , 295.0000
(0)	CA Area exceeds C3 crops and grass: 0.3124 at: -3.2984 , 305.0000
(0)	CA Area exceeds C3 crops and grass: 1.4719 at: -3.2984 , 307.5000
(0)	CA Area exceeds C3 crops and grass: 1.0823 at: -3.2984 , 308.7500
(0)	CA Area exceeds C3 crops and grass: 0.7505 at: -3.2984 , 310.0000
(0)	CA Area exceeds C3 crops and grass: 1.4059 at: -3.2984 , 311.2500
(0)	CA Area exceeds C3 crops and grass: 4.9349 at: -3.2984 , 312.5000
(0)	CA Area exceeds C3 crops and grass: 1.9525 at: -2.3560 , 305.0000
(0)	CA Area exceeds C3 crops and grass: 0.0953 at: -2.3560 , 307.5000
(0)	CA Area exceeds C3 crops and grass: 0.8176 at: -1.4136 , 303.7500
(0)	CA Area exceeds C3 crops and grass: 0.6710 at: -1.4136 , 305.0000
(0)	CA Area exceeds C3 crops and grass: 1.4023 at: -1.4136 , 306.2500
(0)	CA Area exceeds C3 crops and grass: 0.3074 at: -1.4136 , 307.5000
(0)	CA Area exceeds C3 crops and grass: 0.0013 at: -0.4712 , 40.0000
(0)	CA Area exceeds C3 crops and grass: 0.0128 at: -0.4712 , 311.2500
(0)	CA Area exceeds C3 crops and grass: 0.5365 at: 0.4712 , 300.0000
(0)	CA Area exceeds C3 crops and grass: 0.8317 at: 0.4712 , 308.7500
(0)	CA Area exceeds C3 crops and grass: 1.1989 at: 0.4712 , 310.0000
(0)	CA Area exceeds C3 crops and grass: 0.4874 at: 1.4136 , 300.0000
(0)	CA Area exceeds C3 crops and grass: 0.2360 at: 1.4136 , 303.7500
(0)	CA Area exceeds C3 crops and grass: 0.7535 at: 1.4136 , 308.7500
(0)	CA Area exceeds C3 crops and grass: 3.4693 at: 1.4136 , 310.0000
(0)	CA Area exceeds C3 crops and grass: 1.7536 at: 2.3560 , 298.7500
(0)	CA Area exceeds C3 crops and grass: 1.2740 at: 2.3560 , 308.7500
(0)	CA Area exceeds C3 crops and grass: 1.5103 at: 2.3560 , 310.0000
(0)	CA Area exceeds C3 crops and grass: 0.5578 at: 3.2984 , 298.7500
(0)	CA Area exceeds C3 crops and grass: 0.8595 at: 10.8377 , 285.0000
(0)	CA Area exceeds C3 crops and grass: 0.6688 at: 11.7801 , 290.0000
(0)	CA Area exceeds C3 crops and grass: 0.8679 at: 30.6283 , 257.5000
(0)	CA Area exceeds C3 crops and grass: 0.8279 at: 31.5707 , 253.7500
(0)	CA Area exceeds C3 crops and grass: 0.0594 at: 31.5707 , 255.0000
(0)	CA Area exceeds C3 crops and grass: 7.3263 at: 31.5707 , 256.2500
(0)	CA Area exceeds C3 crops and grass: 10.6420 at: 31.5707 , 257.5000
(0)	CA Area exceeds C3 crops and grass: 0.6928 at: 32.5131 , 246.2500
(0)	CA Area exceeds C3 crops and grass: 3.8160 at: 32.5131 , 247.5000
(0)	CA Area exceeds C3 crops and grass: 5.1603 at: 32.5131 , 248.7500
(0)	CA Area exceeds C3 crops and grass: 4.3745 at: 32.5131 , 256.2500
(0)	CA Area exceeds C3 crops and grass: 1.1498 at: 33.4555 , 246.2500
(0)	CA Area exceeds C3 crops and grass: 6.8391 at: 33.4555 , 247.5000
(0)	CA Area exceeds C3 crops and grass: 30.6418 at: 41.9372 , 277.5000
(0)	CA Area exceeds C3 crops and grass: 16.3056 at: 42.8796 , 272.5000
(0)	CA Area exceeds C3 crops and grass: 11.2310 at: 43.8220 , 272.5000
(0)	CA Area exceeds C3 crops and grass: 0.3842 at: 44.7644 , 297.5000
(0)	CA Area exceeds C3 crops and grass: 11.8369 at: 48.5340 , 355.0000
(0)	CA Area exceeds C3 crops and grass: 0.8114 at: 58.9005 , 17.5000
(0)	CA Area exceeds C3 crops and grass: 3.7864 at: 60.7853 , 25.0000
(0)	CA Scenario: alloc_CA_high_v05_ha
(0)	Number of grid cells where CA extent exceeds CLM crop extent: 544
(0)	Number of grid cells where CA extent exceeds CLM crop and C3 grass extents: 119
(0)	Number of grid cells where there is CA: 3751
(0)	Number of grid cells where there is CLM C3 crop: 9924
