 Copyright (C) 1995-2015 - All Rights Reserved
 University Corporation for Atmospheric Research
 NCAR Command Language Version 6.3.0
 The use of this software is governed by a License Agreement.
 See http://www.ncl.ucar.edu/ for more details.
(0)	No significance plot
(0)	No significance plot
(0)	0
(0)	1
(0)	2
(0)	3
(0)	4
(0)	5
(0)	6
(0)	No significance plot
(0)	No significance plot
(0)	0
(0)	1
(0)	2
(0)	3
(0)	4
(0)	5
(0)	6
(0)	No significance plot
(0)	No significance plot
(0)	0
(0)	1
(0)	2
(0)	3
(0)	4
(0)	5
(0)	6
(0)	No significance plot
(0)	No significance plot
(0)	0
(0)	1
(0)	2
(0)	3
(0)	4
(0)	5
(0)	6
